<?xml version="1.0" encoding="UTF-8"?>
<testsuite name="uc.seng301.petbattler.asg4.unittests.AppTest" tests="1" skipped="0" failures="0" errors="0" timestamp="2024-05-31T10:39:58" hostname="JK-MacBook.local" time="0.013">
  <properties/>
  <testcase name="notARealTest()" classname="uc.seng301.petbattler.asg4.unittests.AppTest" time="0.013"/>
  <system-out><![CDATA[]]></system-out>
  <system-err><![CDATA[]]></system-err>
</testsuite>
