<?xml version="1.0" encoding="UTF-8"?>
<testsuite name="uc.seng301.petbattler.asg4.cucumber.RunCucumberTest" tests="28" skipped="0" failures="0" errors="0" timestamp="2024-05-06T23:58:04" hostname="L001LW" time="0.612">
  <properties/>
  <testcase name="Example #1.1" classname="uc.seng301.petbattler.asg4.cucumber.RunCucumberTest" time="0.207"/>
  <testcase name="Example #1.2" classname="uc.seng301.petbattler.asg4.cucumber.RunCucumberTest" time="0.008"/>
  <testcase name="Example #1.3" classname="uc.seng301.petbattler.asg4.cucumber.RunCucumberTest" time="0.008"/>
  <testcase name="Example #1.4" classname="uc.seng301.petbattler.asg4.cucumber.RunCucumberTest" time="0.008"/>
  <testcase name="AC1 - A pet has a unique non-empty name, a strictly positive attack, and positive health stats." classname="uc.seng301.petbattler.asg4.cucumber.RunCucumberTest" time="0.037"/>
  <testcase name="Example #1.1" classname="uc.seng301.petbattler.asg4.cucumber.RunCucumberTest" time="0.017"/>
  <testcase name="Example #1.2" classname="uc.seng301.petbattler.asg4.cucumber.RunCucumberTest" time="0.005"/>
  <testcase name="Example #1.3" classname="uc.seng301.petbattler.asg4.cucumber.RunCucumberTest" time="0.006"/>
  <testcase name="Example #1.1" classname="uc.seng301.petbattler.asg4.cucumber.RunCucumberTest" time="0.005"/>
  <testcase name="Example #1.2" classname="uc.seng301.petbattler.asg4.cucumber.RunCucumberTest" time="0.004"/>
  <testcase name="Example #1.3" classname="uc.seng301.petbattler.asg4.cucumber.RunCucumberTest" time="0.003"/>
  <testcase name="AC1.1 - A pack has non-empty alphanumeric name" classname="uc.seng301.petbattler.asg4.cucumber.RunCucumberTest" time="0.038"/>
  <testcase name="Example #1.1" classname="uc.seng301.petbattler.asg4.cucumber.RunCucumberTest" time="0.005"/>
  <testcase name="Example #1.2" classname="uc.seng301.petbattler.asg4.cucumber.RunCucumberTest" time="0.006"/>
  <testcase name="Example #1.3" classname="uc.seng301.petbattler.asg4.cucumber.RunCucumberTest" time="0.004"/>
  <testcase name="Example #1.4" classname="uc.seng301.petbattler.asg4.cucumber.RunCucumberTest" time="0.004"/>
  <testcase name="AC2 - A must pack have a unique name" classname="uc.seng301.petbattler.asg4.cucumber.RunCucumberTest" time="0.02"/>
  <testcase name="AC3 - A pack must be able to store many pets" classname="uc.seng301.petbattler.asg4.cucumber.RunCucumberTest" time="0.052"/>
  <testcase name="AC1 - I can draw a random pet that has valid name, attack, health, and tier" classname="uc.seng301.petbattler.asg4.cucumber.RunCucumberTest" time="0.012"/>
  <testcase name="AC2 - If I find a suitable pet, I can add the pet to my pack" classname="uc.seng301.petbattler.asg4.cucumber.RunCucumberTest" time="0.028"/>
  <testcase name="AC3 - I can decide to ignore a pet and not add it to my pack" classname="uc.seng301.petbattler.asg4.cucumber.RunCucumberTest" time="0.015"/>
  <testcase name="AC4 - A pack cannot contain twice the same pet" classname="uc.seng301.petbattler.asg4.cucumber.RunCucumberTest" time="0.021"/>
  <testcase name="AC1 - A pack must contain at least one pet to build a team with" classname="uc.seng301.petbattler.asg4.cucumber.RunCucumberTest" time="0.012"/>
  <testcase name="AC2 - When building a team there will be 5 options randomly selected from my pack" classname="uc.seng301.petbattler.asg4.cucumber.RunCucumberTest" time="0.02"/>
  <testcase name="AC3 - When building a team I must select 3 options" classname="uc.seng301.petbattler.asg4.cucumber.RunCucumberTest" time="0.018"/>
  <testcase name="AC4 - When building a team I must select 3 unique options" classname="uc.seng301.petbattler.asg4.cucumber.RunCucumberTest" time="0.015"/>
  <testcase name="AC5 - When building a team and I select 3 unique options then my team is ordered the same way I entered my options" classname="uc.seng301.petbattler.asg4.cucumber.RunCucumberTest" time="0.016"/>
  <testcase name="AC6 - When building a team and I select 3 options of all the same pet type they are discrete copies from those in my pack" classname="uc.seng301.petbattler.asg4.cucumber.RunCucumberTest" time="0.01"/>
  <system-out><![CDATA[
Scenario Outline: AC1 - A player cannot contain non-alphanumeric or numeric-only values. ?[90m# uc/seng301/petbattler/asg4/cucumber/u0-player.feature:8?[0m
  ?[32mGiven ?[0m?[32mThere is no player with name ?[0m?[32m?[1m"72363"?[0m                                             ?[90m# uc.seng301.petbattler.asg4.cucumber.step_definitions.CreatePlayer.there_is_no_player_with_name(java.lang.String)?[0m
  ?[32mThen ?[0m?[32mI am not allowed to create a player with name ?[0m?[32m?[1m"72363"?[0m                             ?[90m# uc.seng301.petbattler.asg4.cucumber.step_definitions.CreatePlayer.i_am_not_allowed_to_create_a_player_with_name(java.lang.String)?[0m

Scenario Outline: AC1 - A player cannot contain non-alphanumeric or numeric-only values. ?[90m# uc/seng301/petbattler/asg4/cucumber/u0-player.feature:9?[0m
  ?[32mGiven ?[0m?[32mThere is no player with name ?[0m?[32m?[1m"-"?[0m                                                 ?[90m# uc.seng301.petbattler.asg4.cucumber.step_definitions.CreatePlayer.there_is_no_player_with_name(java.lang.String)?[0m
  ?[32mThen ?[0m?[32mI am not allowed to create a player with name ?[0m?[32m?[1m"-"?[0m                                 ?[90m# uc.seng301.petbattler.asg4.cucumber.step_definitions.CreatePlayer.i_am_not_allowed_to_create_a_player_with_name(java.lang.String)?[0m

Scenario Outline: AC1 - A player cannot contain non-alphanumeric or numeric-only values. ?[90m# uc/seng301/petbattler/asg4/cucumber/u0-player.feature:10?[0m
  ?[32mGiven ?[0m?[32mThere is no player with name ?[0m?[32m?[1m"-&%#@"?[0m                                             ?[90m# uc.seng301.petbattler.asg4.cucumber.step_definitions.CreatePlayer.there_is_no_player_with_name(java.lang.String)?[0m
  ?[32mThen ?[0m?[32mI am not allowed to create a player with name ?[0m?[32m?[1m"-&%#@"?[0m                             ?[90m# uc.seng301.petbattler.asg4.cucumber.step_definitions.CreatePlayer.i_am_not_allowed_to_create_a_player_with_name(java.lang.String)?[0m

Scenario Outline: AC1 - A player cannot contain non-alphanumeric or numeric-only values. ?[90m# uc/seng301/petbattler/asg4/cucumber/u0-player.feature:11?[0m
  ?[32mGiven ?[0m?[32mThere is no player with name ?[0m?[32m?[1m" "?[0m                                                 ?[90m# uc.seng301.petbattler.asg4.cucumber.step_definitions.CreatePlayer.there_is_no_player_with_name(java.lang.String)?[0m
  ?[32mThen ?[0m?[32mI am not allowed to create a player with name ?[0m?[32m?[1m" "?[0m                                 ?[90m# uc.seng301.petbattler.asg4.cucumber.step_definitions.CreatePlayer.i_am_not_allowed_to_create_a_player_with_name(java.lang.String)?[0m

Scenario: AC1 - A pet has a unique non-empty name, a strictly positive attack, and positive health stats. ?[90m# uc/seng301/petbattler/asg4/cucumber/u1-pet.feature:3?[0m
  ?[32mGiven ?[0m?[32mThere is no pet with name ?[0m?[32m?[1m"Ant"?[0m                                                                   ?[90m# uc.seng301.petbattler.asg4.cucumber.step_definitions.CreateNewPetFeature.there_is_no_pet_with_name(java.lang.String)?[0m
  ?[32mWhen ?[0m?[32mI create a pet named ?[0m?[32m?[1m"Ant"?[0m?[32m with attack: ?[0m?[32m?[1m2?[0m?[32m and health: ?[0m?[32m?[1m2?[0m                                            ?[90m# uc.seng301.petbattler.asg4.cucumber.step_definitions.CreateNewPetFeature.i_create_a_pet_named_with_attack_and_health(java.lang.String,java.lang.Integer,java.lang.Integer)?[0m
  ?[32mThen ?[0m?[32mThe pet is created with the correct name, attack and health?[0m                                        ?[90m# uc.seng301.petbattler.asg4.cucumber.step_definitions.CreateNewPetFeature.the_pet_is_created_with_the_correct_name_attack_and_health()?[0m

Scenario Outline: AC2 - A pet name cannot contain non-alphanumeric or numeric-only values. ?[90m# uc/seng301/petbattler/asg4/cucumber/u1-pet.feature:14?[0m
  ?[32mGiven ?[0m?[32mThere is no pet with name ?[0m?[32m?[1m"673975"?[0m                                                 ?[90m# uc.seng301.petbattler.asg4.cucumber.step_definitions.CreateNewPetFeature.there_is_no_pet_with_name(java.lang.String)?[0m
  ?[32mWhen ?[0m?[32mI create an invalid pet named ?[0m?[32m?[1m"673975"?[0m?[32m with attack: ?[0m?[32m?[1m2?[0m?[32m and health: ?[0m?[32m?[1m2?[0m                 ?[90m# uc.seng301.petbattler.asg4.cucumber.step_definitions.CreateNewPetFeature.i_create_an_invalid_pet_named_with_attack_and_health(java.lang.String,java.lang.Integer,java.lang.Integer)?[0m
  ?[32mThen ?[0m?[32mAn exception is thrown?[0m                                                              ?[90m# uc.seng301.petbattler.asg4.cucumber.step_definitions.CreateNewPetFeature.an_exception_is_thrown()?[0m

Scenario Outline: AC2 - A pet name cannot contain non-alphanumeric or numeric-only values. ?[90m# uc/seng301/petbattler/asg4/cucumber/u1-pet.feature:15?[0m
  ?[32mGiven ?[0m?[32mThere is no pet with name ?[0m?[32m?[1m"$*&ynsl"?[0m                                                ?[90m# uc.seng301.petbattler.asg4.cucumber.step_definitions.CreateNewPetFeature.there_is_no_pet_with_name(java.lang.String)?[0m
  ?[32mWhen ?[0m?[32mI create an invalid pet named ?[0m?[32m?[1m"$*&ynsl"?[0m?[32m with attack: ?[0m?[32m?[1m2?[0m?[32m and health: ?[0m?[32m?[1m2?[0m                ?[90m# uc.seng301.petbattler.asg4.cucumber.step_definitions.CreateNewPetFeature.i_create_an_invalid_pet_named_with_attack_and_health(java.lang.String,java.lang.Integer,java.lang.Integer)?[0m
  ?[32mThen ?[0m?[32mAn exception is thrown?[0m                                                              ?[90m# uc.seng301.petbattler.asg4.cucumber.step_definitions.CreateNewPetFeature.an_exception_is_thrown()?[0m

Scenario Outline: AC2 - A pet name cannot contain non-alphanumeric or numeric-only values. ?[90m# uc/seng301/petbattler/asg4/cucumber/u1-pet.feature:16?[0m
  ?[32mGiven ?[0m?[32mThere is no pet with name ?[0m?[32m?[1m"  "?[0m                                                     ?[90m# uc.seng301.petbattler.asg4.cucumber.step_definitions.CreateNewPetFeature.there_is_no_pet_with_name(java.lang.String)?[0m
  ?[32mWhen ?[0m?[32mI create an invalid pet named ?[0m?[32m?[1m"  "?[0m?[32m with attack: ?[0m?[32m?[1m2?[0m?[32m and health: ?[0m?[32m?[1m2?[0m                     ?[90m# uc.seng301.petbattler.asg4.cucumber.step_definitions.CreateNewPetFeature.i_create_an_invalid_pet_named_with_attack_and_health(java.lang.String,java.lang.Integer,java.lang.Integer)?[0m
  ?[32mThen ?[0m?[32mAn exception is thrown?[0m                                                              ?[90m# uc.seng301.petbattler.asg4.cucumber.step_definitions.CreateNewPetFeature.an_exception_is_thrown()?[0m

Scenario Outline: AC3 - A pet cannot have negative values for the attack or health stats. ?[90m# uc/seng301/petbattler/asg4/cucumber/u1-pet.feature:24?[0m
  ?[32mGiven ?[0m?[32mThere is no pet with name ?[0m?[32m?[1m"Kererū"?[0m                                                ?[90m# uc.seng301.petbattler.asg4.cucumber.step_definitions.CreateNewPetFeature.there_is_no_pet_with_name(java.lang.String)?[0m
  ?[32mWhen ?[0m?[32mI create an invalid pet named ?[0m?[32m?[1m"Kererū"?[0m?[32m with attack: ?[0m?[32m?[1m2?[0m?[32m and health: ?[0m?[32m?[1m-1?[0m               ?[90m# uc.seng301.petbattler.asg4.cucumber.step_definitions.CreateNewPetFeature.i_create_an_invalid_pet_named_with_attack_and_health(java.lang.String,java.lang.Integer,java.lang.Integer)?[0m
  ?[32mThen ?[0m?[32mAn exception is thrown?[0m                                                             ?[90m# uc.seng301.petbattler.asg4.cucumber.step_definitions.CreateNewPetFeature.an_exception_is_thrown()?[0m

Scenario Outline: AC3 - A pet cannot have negative values for the attack or health stats. ?[90m# uc/seng301/petbattler/asg4/cucumber/u1-pet.feature:25?[0m
  ?[32mGiven ?[0m?[32mThere is no pet with name ?[0m?[32m?[1m"Kererū"?[0m                                                ?[90m# uc.seng301.petbattler.asg4.cucumber.step_definitions.CreateNewPetFeature.there_is_no_pet_with_name(java.lang.String)?[0m
  ?[32mWhen ?[0m?[32mI create an invalid pet named ?[0m?[32m?[1m"Kererū"?[0m?[32m with attack: ?[0m?[32m?[1m-1?[0m?[32m and health: ?[0m?[32m?[1m2?[0m               ?[90m# uc.seng301.petbattler.asg4.cucumber.step_definitions.CreateNewPetFeature.i_create_an_invalid_pet_named_with_attack_and_health(java.lang.String,java.lang.Integer,java.lang.Integer)?[0m
  ?[32mThen ?[0m?[32mAn exception is thrown?[0m                                                             ?[90m# uc.seng301.petbattler.asg4.cucumber.step_definitions.CreateNewPetFeature.an_exception_is_thrown()?[0m

Scenario Outline: AC3 - A pet cannot have negative values for the attack or health stats. ?[90m# uc/seng301/petbattler/asg4/cucumber/u1-pet.feature:26?[0m
  ?[32mGiven ?[0m?[32mThere is no pet with name ?[0m?[32m?[1m"Kererū"?[0m                                                ?[90m# uc.seng301.petbattler.asg4.cucumber.step_definitions.CreateNewPetFeature.there_is_no_pet_with_name(java.lang.String)?[0m
  ?[32mWhen ?[0m?[32mI create an invalid pet named ?[0m?[32m?[1m"Kererū"?[0m?[32m with attack: ?[0m?[32m?[1m0?[0m?[32m and health: ?[0m?[32m?[1m2?[0m                ?[90m# uc.seng301.petbattler.asg4.cucumber.step_definitions.CreateNewPetFeature.i_create_an_invalid_pet_named_with_attack_and_health(java.lang.String,java.lang.Integer,java.lang.Integer)?[0m
  ?[32mThen ?[0m?[32mAn exception is thrown?[0m                                                             ?[90m# uc.seng301.petbattler.asg4.cucumber.step_definitions.CreateNewPetFeature.an_exception_is_thrown()?[0m

Scenario: AC1.1 - A pack has non-empty alphanumeric name            ?[90m# uc/seng301/petbattler/asg4/cucumber/u2-pack.feature:2?[0m
  ?[32mGiven ?[0m?[32mI create a player named ?[0m?[32m?[1m"Te Ariki"?[0m                          ?[90m# uc.seng301.petbattler.asg4.cucumber.step_definitions.CreateNewPackFeature.i_create_a_player_named(java.lang.String)?[0m
  ?[32mAnd ?[0m?[32mPlayer ?[0m?[32m?[1m"Te Ariki"?[0m?[32m has no packs with the name ?[0m?[32m?[1m"My first pack"?[0m  ?[90m# uc.seng301.petbattler.asg4.cucumber.step_definitions.CreateNewPackFeature.player_has_no_packs_with_the_name(java.lang.String,java.lang.String)?[0m
  ?[32mWhen ?[0m?[32mI create the pack with name ?[0m?[32m?[1m"My first pack"?[0m?[32m for ?[0m?[32m?[1m"Te Ariki"?[0m   ?[90m# uc.seng301.petbattler.asg4.cucumber.step_definitions.CreateNewPackFeature.i_create_the_pack_with_name_for(java.lang.String,java.lang.String)?[0m
  ?[32mThen ?[0m?[32mThe pack is created with name ?[0m?[32m?[1m"My first pack"?[0m?[32m for ?[0m?[32m?[1m"Te Ariki"?[0m ?[90m# uc.seng301.petbattler.asg4.cucumber.step_definitions.CreateNewPackFeature.the_pack_is_created_with_name_for(java.lang.String,java.lang.String)?[0m

Scenario Outline: AC1.2 - A pack cannot have an empty, non-alphanumeric, or numeric only name ?[90m# uc/seng301/petbattler/asg4/cucumber/u2-pack.feature:13?[0m
  ?[32mGiven ?[0m?[32mPlayer ?[0m?[32m?[1m"Te Ariki"?[0m?[32m exists?[0m                                                              ?[90m# uc.seng301.petbattler.asg4.cucumber.step_definitions.CreateNewPackFeature.player_exists(java.lang.String)?[0m
  ?[32mThen ?[0m?[32mI am not allowed to create the pack with name ?[0m?[32m?[1m""?[0m?[32m for ?[0m?[32m?[1m"Te Ariki"?[0m                        ?[90m# uc.seng301.petbattler.asg4.cucumber.step_definitions.CreateNewPackFeature.i_am_not_allowed_to_create_the_pack_with_name_for(java.lang.String,java.lang.String)?[0m

Scenario Outline: AC1.2 - A pack cannot have an empty, non-alphanumeric, or numeric only name ?[90m# uc/seng301/petbattler/asg4/cucumber/u2-pack.feature:14?[0m
  ?[32mGiven ?[0m?[32mPlayer ?[0m?[32m?[1m"Te Ariki"?[0m?[32m exists?[0m                                                              ?[90m# uc.seng301.petbattler.asg4.cucumber.step_definitions.CreateNewPackFeature.player_exists(java.lang.String)?[0m
  ?[32mThen ?[0m?[32mI am not allowed to create the pack with name ?[0m?[32m?[1m")(^$%^"?[0m?[32m for ?[0m?[32m?[1m"Te Ariki"?[0m                  ?[90m# uc.seng301.petbattler.asg4.cucumber.step_definitions.CreateNewPackFeature.i_am_not_allowed_to_create_the_pack_with_name_for(java.lang.String,java.lang.String)?[0m

Scenario Outline: AC1.2 - A pack cannot have an empty, non-alphanumeric, or numeric only name ?[90m# uc/seng301/petbattler/asg4/cucumber/u2-pack.feature:15?[0m
  ?[32mGiven ?[0m?[32mPlayer ?[0m?[32m?[1m"Te Ariki"?[0m?[32m exists?[0m                                                              ?[90m# uc.seng301.petbattler.asg4.cucumber.step_definitions.CreateNewPackFeature.player_exists(java.lang.String)?[0m
  ?[32mThen ?[0m?[32mI am not allowed to create the pack with name ?[0m?[32m?[1m"12345"?[0m?[32m for ?[0m?[32m?[1m"Te Ariki"?[0m                   ?[90m# uc.seng301.petbattler.asg4.cucumber.step_definitions.CreateNewPackFeature.i_am_not_allowed_to_create_the_pack_with_name_for(java.lang.String,java.lang.String)?[0m

Scenario Outline: AC1.2 - A pack cannot have an empty, non-alphanumeric, or numeric only name ?[90m# uc/seng301/petbattler/asg4/cucumber/u2-pack.feature:16?[0m
  ?[32mGiven ?[0m?[32mPlayer ?[0m?[32m?[1m"Te Ariki"?[0m?[32m exists?[0m                                                              ?[90m# uc.seng301.petbattler.asg4.cucumber.step_definitions.CreateNewPackFeature.player_exists(java.lang.String)?[0m
  ?[32mThen ?[0m?[32mI am not allowed to create the pack with name ?[0m?[32m?[1m"   "?[0m?[32m for ?[0m?[32m?[1m"Te Ariki"?[0m                     ?[90m# uc.seng301.petbattler.asg4.cucumber.step_definitions.CreateNewPackFeature.i_am_not_allowed_to_create_the_pack_with_name_for(java.lang.String,java.lang.String)?[0m

Scenario: AC2 - A must pack have a unique name                                    ?[90m# uc/seng301/petbattler/asg4/cucumber/u2-pack.feature:18?[0m
  ?[32mGiven ?[0m?[32mI create a player named ?[0m?[32m?[1m"Yiyang"?[0m                                          ?[90m# uc.seng301.petbattler.asg4.cucumber.step_definitions.CreateNewPackFeature.i_create_a_player_named(java.lang.String)?[0m
  ?[32mAnd ?[0m?[32mPlayer ?[0m?[32m?[1m"Yiyang"?[0m?[32m already has a pack with the name ?[0m?[32m?[1m"My first pack"?[0m            ?[90m# uc.seng301.petbattler.asg4.cucumber.step_definitions.CreateNewPackFeature.player_already_has_a_pack_with_the_name(java.lang.String,java.lang.String)?[0m
  ?[32mThen ?[0m?[32mI am not allowed to create the pack with name ?[0m?[32m?[1m"My first pack"?[0m?[32m for ?[0m?[32m?[1m"Yiyang"?[0m ?[90m# uc.seng301.petbattler.asg4.cucumber.step_definitions.CreateNewPackFeature.i_am_not_allowed_to_create_the_pack_with_name_for(java.lang.String,java.lang.String)?[0m

Scenario: AC3 - A pack must be able to store many pets                                           ?[90m# uc/seng301/petbattler/asg4/cucumber/u2-pack.feature:23?[0m
  ?[32mGiven ?[0m?[32mI create a player named ?[0m?[32m?[1m"Rohan"?[0m                                                          ?[90m# uc.seng301.petbattler.asg4.cucumber.step_definitions.CreateNewPackFeature.i_create_a_player_named(java.lang.String)?[0m
  ?[32mWhen ?[0m?[32mI create the pack with name ?[0m?[32m?[1m"My first pack"?[0m?[32m for ?[0m?[32m?[1m"Rohan"?[0m                                   ?[90m# uc.seng301.petbattler.asg4.cucumber.step_definitions.CreateNewPackFeature.i_create_the_pack_with_name_for(java.lang.String,java.lang.String)?[0m
  ?[32mAnd ?[0m?[32mI add a pet named ?[0m?[32m?[1m"Kererū"?[0m?[32m with attack ?[0m?[32m?[1m7?[0m?[32m and health ?[0m?[32m?[1m3?[0m?[32m in pack ?[0m?[32m?[1m"My first pack"?[0m?[32m for ?[0m?[32m?[1m"Rohan"?[0m  ?[90m# uc.seng301.petbattler.asg4.cucumber.step_definitions.CreateNewPackFeature.i_add_a_pet_named_with_attack_and_health_in_pack_for(java.lang.String,java.lang.Integer,java.lang.Integer,java.lang.String,java.lang.String)?[0m
  ?[32mAnd ?[0m?[32mI add a pet named ?[0m?[32m?[1m"Hamster"?[0m?[32m with attack ?[0m?[32m?[1m2?[0m?[32m and health ?[0m?[32m?[1m1?[0m?[32m in pack ?[0m?[32m?[1m"My first pack"?[0m?[32m for ?[0m?[32m?[1m"Rohan"?[0m ?[90m# uc.seng301.petbattler.asg4.cucumber.step_definitions.CreateNewPackFeature.i_add_a_pet_named_with_attack_and_health_in_pack_for(java.lang.String,java.lang.Integer,java.lang.Integer,java.lang.String,java.lang.String)?[0m
  ?[32mThen ?[0m?[32mThe pack ?[0m?[32m?[1m"My first pack"?[0m?[32m of ?[0m?[32m?[1m"Rohan"?[0m?[32m includes a pet named ?[0m?[32m?[1m"Kererū"?[0m                         ?[90m# uc.seng301.petbattler.asg4.cucumber.step_definitions.CreateNewPackFeature.the_pack_of_includes_a_pet_named(java.lang.String,java.lang.String,java.lang.String)?[0m
  ?[32mAnd ?[0m?[32mThe pack ?[0m?[32m?[1m"My first pack"?[0m?[32m of ?[0m?[32m?[1m"Rohan"?[0m?[32m includes a pet named ?[0m?[32m?[1m"Hamster"?[0m                         ?[90m# uc.seng301.petbattler.asg4.cucumber.step_definitions.CreateNewPackFeature.the_pack_of_includes_a_pet_named(java.lang.String,java.lang.String,java.lang.String)?[0m

Scenario: AC1 - I can draw a random pet that has valid name, attack, health, and tier ?[90m# uc/seng301/petbattler/asg4/cucumber/u3-add-pet.feature:2?[0m
  ?[32mGiven ?[0m?[32mI create a player named ?[0m?[32m?[1m"George"?[0m                                              ?[90m# uc.seng301.petbattler.asg4.cucumber.step_definitions.CreateNewPackFeature.i_create_a_player_named(java.lang.String)?[0m
  ?[32mAnd ?[0m?[32mPlayer ?[0m?[32m?[1m"George"?[0m?[32m has an empty pack with the name ?[0m?[32m?[1m"My first pack"?[0m                 ?[90m# uc.seng301.petbattler.asg4.cucumber.step_definitions.AddPetFeature.player_has_an_empty_pack_with_the_name(java.lang.String,java.lang.String)?[0m
  ?[32mWhen ?[0m?[32mI draw a randomly selected pet?[0m                                                 ?[90m# uc.seng301.petbattler.asg4.cucumber.step_definitions.AddPetFeature.i_draw_a_randomly_selected_pet()?[0m
  ?[32mThen ?[0m?[32mThe pet has valid name, attack, health, and tier?[0m                               ?[90m# uc.seng301.petbattler.asg4.cucumber.step_definitions.AddPetFeature.the_pet_has_valid_name_attack_health_and_tier()?[0m

Scenario: AC2 - If I find a suitable pet, I can add the pet to my pack    ?[90m# uc/seng301/petbattler/asg4/cucumber/u3-add-pet.feature:8?[0m
  ?[32mGiven ?[0m?[32mI create a player named ?[0m?[32m?[1m"Maia"?[0m                                    ?[90m# uc.seng301.petbattler.asg4.cucumber.step_definitions.CreateNewPackFeature.i_create_a_player_named(java.lang.String)?[0m
  ?[32mAnd ?[0m?[32mPlayer ?[0m?[32m?[1m"Maia"?[0m?[32m has an empty pack with the name ?[0m?[32m?[1m"My first pack"?[0m       ?[90m# uc.seng301.petbattler.asg4.cucumber.step_definitions.AddPetFeature.player_has_an_empty_pack_with_the_name(java.lang.String,java.lang.String)?[0m
  ?[32mWhen ?[0m?[32mI draw a randomly selected pet?[0m                                     ?[90m# uc.seng301.petbattler.asg4.cucumber.step_definitions.AddPetFeature.i_draw_a_randomly_selected_pet()?[0m
You drew...
Corgi -- Atk: 2 Health: 1 Tier: 1
Do you want to add this pet to your pack? Y/N
mocked input provided: Y
Pet saved
  ?[32mAnd ?[0m?[32mI confirm I want to keep the pet in pack ?[0m?[32m?[1m"My first pack"?[0m?[32m for ?[0m?[32m?[1m"Maia"?[0m ?[90m# uc.seng301.petbattler.asg4.cucumber.step_definitions.AddPetFeature.i_confirm_i_want_to_keep_the_pet_in_pack_for(java.lang.String,java.lang.String)?[0m
  ?[32mThen ?[0m?[32mThe pet is added to the pack ?[0m?[32m?[1m"My first pack"?[0m?[32m of ?[0m?[32m?[1m"Maia"?[0m             ?[90m# uc.seng301.petbattler.asg4.cucumber.step_definitions.AddPetFeature.the_pet_is_added_to_the_pack_of(java.lang.String,java.lang.String)?[0m

Scenario: AC3 - I can decide to ignore a pet and not add it to my pack         ?[90m# uc/seng301/petbattler/asg4/cucumber/u3-add-pet.feature:15?[0m
  ?[32mGiven ?[0m?[32mI create a player named ?[0m?[32m?[1m"Li"?[0m                                           ?[90m# uc.seng301.petbattler.asg4.cucumber.step_definitions.CreateNewPackFeature.i_create_a_player_named(java.lang.String)?[0m
  ?[32mAnd ?[0m?[32mPlayer ?[0m?[32m?[1m"Li"?[0m?[32m has an empty pack with the name ?[0m?[32m?[1m"My first pack"?[0m              ?[90m# uc.seng301.petbattler.asg4.cucumber.step_definitions.AddPetFeature.player_has_an_empty_pack_with_the_name(java.lang.String,java.lang.String)?[0m
  ?[32mWhen ?[0m?[32mI draw a randomly selected pet?[0m                                          ?[90m# uc.seng301.petbattler.asg4.cucumber.step_definitions.AddPetFeature.i_draw_a_randomly_selected_pet()?[0m
You drew...
Corgi -- Atk: 2 Health: 1 Tier: 1
Do you want to add this pet to your pack? Y/N
mocked input provided: N
Pet not saved
  ?[32mAnd ?[0m?[32mI confirm I do not want to keep the pet in pack ?[0m?[32m?[1m"My first pack"?[0m?[32m for ?[0m?[32m?[1m"Li"?[0m ?[90m# uc.seng301.petbattler.asg4.cucumber.step_definitions.AddPetFeature.i_confirm_i_do_not_want_to_keep_the_pet_in_pack_for(java.lang.String,java.lang.String)?[0m
  ?[32mThen ?[0m?[32mThe pet is not added to the pack ?[0m?[32m?[1m"My first pack"?[0m?[32m of ?[0m?[32m?[1m"Li"?[0m                ?[90m# uc.seng301.petbattler.asg4.cucumber.step_definitions.AddPetFeature.the_pet_is_not_added_to_the_pack_of(java.lang.String,java.lang.String)?[0m

Scenario: AC4 - A pack cannot contain twice the same pet                           ?[90m# uc/seng301/petbattler/asg4/cucumber/u3-add-pet.feature:22?[0m
  ?[32mGiven ?[0m?[32mI create a player named ?[0m?[32m?[1m"Alya"?[0m                                             ?[90m# uc.seng301.petbattler.asg4.cucumber.step_definitions.CreateNewPackFeature.i_create_a_player_named(java.lang.String)?[0m
  ?[32mAnd ?[0m?[32mPlayer ?[0m?[32m?[1m"Alya"?[0m?[32m has an empty pack with the name ?[0m?[32m?[1m"My first pack"?[0m                ?[90m# uc.seng301.petbattler.asg4.cucumber.step_definitions.AddPetFeature.player_has_an_empty_pack_with_the_name(java.lang.String,java.lang.String)?[0m
  ?[32mWhen ?[0m?[32mI draw a randomly selected pet?[0m                                              ?[90m# uc.seng301.petbattler.asg4.cucumber.step_definitions.AddPetFeature.i_draw_a_randomly_selected_pet()?[0m
You drew...
Corgi -- Atk: 2 Health: 1 Tier: 1
Do you want to add this pet to your pack? Y/N
mocked input provided: Y
Pet saved
  ?[32mAnd ?[0m?[32mI confirm I want to keep the pet in pack ?[0m?[32m?[1m"My first pack"?[0m?[32m for ?[0m?[32m?[1m"Alya"?[0m          ?[90m# uc.seng301.petbattler.asg4.cucumber.step_definitions.AddPetFeature.i_confirm_i_want_to_keep_the_pet_in_pack_for(java.lang.String,java.lang.String)?[0m
  ?[32mThen ?[0m?[32mI cannot add a pet with the same name in the pack ?[0m?[32m?[1m"My first pack"?[0m?[32m of ?[0m?[32m?[1m"Alya"?[0m ?[90m# uc.seng301.petbattler.asg4.cucumber.step_definitions.AddPetFeature.i_cannot_add_a_pet_with_the_same_name_in_the_pack_of(java.lang.String,java.lang.String)?[0m

Scenario: AC1 - A pack must contain at least one pet to build a team with                      ?[90m# uc/seng301/petbattler/asg4/cucumber/u4-build-team.feature:3?[0m
  ?[32mGiven ?[0m?[32mI create a player named ?[0m?[32m?[1m"Monica Bing-Geller"?[0m                                           ?[90m# uc.seng301.petbattler.asg4.cucumber.step_definitions.CreateNewPackFeature.i_create_a_player_named(java.lang.String)?[0m
  ?[32mAnd ?[0m?[32mPlayer ?[0m?[32m?[1m"Monica Bing-Geller"?[0m?[32m has an empty pack with the name ?[0m?[32m?[1m"My Empty Pack"?[0m              ?[90m# uc.seng301.petbattler.asg4.cucumber.step_definitions.AddPetFeature.player_has_an_empty_pack_with_the_name(java.lang.String,java.lang.String)?[0m
  ?[32mWhen ?[0m?[32mI, ?[0m?[32m?[1m"Monica Bing-Geller"?[0m?[32m, try to build a team with ?[0m?[32m?[1m"My Empty Pack"?[0m?[32m named ?[0m?[32m?[1m"My First Team"?[0m ?[90m# uc.seng301.petbattler.asg4.cucumber.step_definitions.BuildTeamFeature.i_try_to_build_a_team_with_named(java.lang.String,java.lang.String,java.lang.String)?[0m
Cannot build team with a pack with 0 pets
  ?[32mThen ?[0m?[32mI am informed that the pack must have at least one pet?[0m                                  ?[90m# uc.seng301.petbattler.asg4.cucumber.step_definitions.BuildTeamFeature.i_am_informed_that_the_pack_must_have_at_least_one_pet()?[0m

Scenario: AC2 - When building a team there will be 5 options randomly selected from my pack ?[90m# uc/seng301/petbattler/asg4/cucumber/u4-build-team.feature:9?[0m
  ?[32mGiven ?[0m?[32mI create a player named ?[0m?[32m?[1m"Ross"?[0m                                                      ?[90m# uc.seng301.petbattler.asg4.cucumber.step_definitions.CreateNewPackFeature.i_create_a_player_named(java.lang.String)?[0m
  ?[32mAnd ?[0m?[32mPlayer ?[0m?[32m?[1m"Ross"?[0m?[32m has a pack ?[0m?[32m?[1m"My 5 Pet Pack"?[0m?[32m with ?[0m?[32m?[1m5?[0m?[32m unique pets?[0m                           ?[90m# uc.seng301.petbattler.asg4.cucumber.step_definitions.BuildTeamFeature.player_has_a_pack_with_unique_pets(java.lang.String,java.lang.String,java.lang.Integer)?[0m
  ?[32mWhen ?[0m?[32mI, ?[0m?[32m?[1m"Ross"?[0m?[32m, try to build a team with ?[0m?[32m?[1m"My 5 Pet Pack"?[0m?[32m named ?[0m?[32m?[1m"My Second Team"?[0m           ?[90m# uc.seng301.petbattler.asg4.cucumber.step_definitions.BuildTeamFeature.i_try_to_build_a_team_with_named(java.lang.String,java.lang.String,java.lang.String)?[0m
Select 3 pets in desired order (front to back) by index (space separated), finish or cancel with '!q'
[0] Cat3
[1] Badger2
[2] Badger2
[3] Badger2
[4] Cat3
mocked input provided: !q
  ?[32mAnd ?[0m?[32mI don't select any options?[0m                                                            ?[90m# uc.seng301.petbattler.asg4.cucumber.step_definitions.BuildTeamFeature.i_don_t_select_any_options()?[0m
  ?[32mThen ?[0m?[32mI am given ?[0m?[32m?[1m5?[0m?[32m options to choose?[0m                                                       ?[90m# uc.seng301.petbattler.asg4.cucumber.step_definitions.BuildTeamFeature.i_am_given_options_to_choose(java.lang.Integer)?[0m

Scenario: AC3 - When building a team I must select 3 options                       ?[90m# uc/seng301/petbattler/asg4/cucumber/u4-build-team.feature:16?[0m
  ?[32mGiven ?[0m?[32mI create a player named ?[0m?[32m?[1m"Rachel"?[0m                                           ?[90m# uc.seng301.petbattler.asg4.cucumber.step_definitions.CreateNewPackFeature.i_create_a_player_named(java.lang.String)?[0m
  ?[32mAnd ?[0m?[32mPlayer ?[0m?[32m?[1m"Rachel"?[0m?[32m has a pack ?[0m?[32m?[1m"My 5 Pet Pack"?[0m?[32m with ?[0m?[32m?[1m5?[0m?[32m unique pets?[0m                ?[90m# uc.seng301.petbattler.asg4.cucumber.step_definitions.BuildTeamFeature.player_has_a_pack_with_unique_pets(java.lang.String,java.lang.String,java.lang.Integer)?[0m
  ?[32mWhen ?[0m?[32mI, ?[0m?[32m?[1m"Rachel"?[0m?[32m, try to build a team with ?[0m?[32m?[1m"My 5 Pet Pack"?[0m?[32m named ?[0m?[32m?[1m"My Third Team"?[0m ?[90m# uc.seng301.petbattler.asg4.cucumber.step_definitions.BuildTeamFeature.i_try_to_build_a_team_with_named(java.lang.String,java.lang.String,java.lang.String)?[0m
Select 3 pets in desired order (front to back) by index (space separated), finish or cancel with '!q'
[0] Ant6
[1] Ant6
[2] Corgi5
[3] Ant6
[4] Lion9
mocked input provided: 2 0
Must enter 3 pets space separated
mocked input provided: !q
  ?[32mAnd ?[0m?[32mI do not choose three pets?[0m                                                   ?[90m# uc.seng301.petbattler.asg4.cucumber.step_definitions.BuildTeamFeature.i_do_not_choose_three_pets()?[0m
  ?[32mThen ?[0m?[32mI am informed I must choose three pets?[0m                                      ?[90m# uc.seng301.petbattler.asg4.cucumber.step_definitions.BuildTeamFeature.i_am_informed_i_must_choose_three_pets()?[0m

Scenario: AC4 - When building a team I must select 3 unique options                 ?[90m# uc/seng301/petbattler/asg4/cucumber/u4-build-team.feature:23?[0m
  ?[32mGiven ?[0m?[32mI create a player named ?[0m?[32m?[1m"Phoebe"?[0m                                            ?[90m# uc.seng301.petbattler.asg4.cucumber.step_definitions.CreateNewPackFeature.i_create_a_player_named(java.lang.String)?[0m
  ?[32mAnd ?[0m?[32mPlayer ?[0m?[32m?[1m"Phoebe"?[0m?[32m has a pack ?[0m?[32m?[1m"My 5 Pet Pack"?[0m?[32m with ?[0m?[32m?[1m5?[0m?[32m unique pets?[0m                 ?[90m# uc.seng301.petbattler.asg4.cucumber.step_definitions.BuildTeamFeature.player_has_a_pack_with_unique_pets(java.lang.String,java.lang.String,java.lang.Integer)?[0m
  ?[32mWhen ?[0m?[32mI, ?[0m?[32m?[1m"Phoebe"?[0m?[32m, try to build a team with ?[0m?[32m?[1m"My 5 Pet Pack"?[0m?[32m named ?[0m?[32m?[1m"My Fourth Team"?[0m ?[90m# uc.seng301.petbattler.asg4.cucumber.step_definitions.BuildTeamFeature.i_try_to_build_a_team_with_named(java.lang.String,java.lang.String,java.lang.String)?[0m
Select 3 pets in desired order (front to back) by index (space separated), finish or cancel with '!q'
[0] Corgi10
[1] Ant11
[2] Badger12
[3] Lion14
[4] Cat13
mocked input provided: 0 0 0
Must enter 3 unique options
mocked input provided: !q
  ?[32mAnd ?[0m?[32mI choose three duplicate pets?[0m                                                 ?[90m# uc.seng301.petbattler.asg4.cucumber.step_definitions.BuildTeamFeature.i_choose_three_duplicate_pets()?[0m
  ?[32mThen ?[0m?[32mI am informed I must choose unique pets?[0m                                      ?[90m# uc.seng301.petbattler.asg4.cucumber.step_definitions.BuildTeamFeature.i_am_informed_i_must_choose_unique_pets()?[0m

Scenario: AC5 - When building a team and I select 3 unique options then my team is ordered the same way I entered my options ?[90m# uc/seng301/petbattler/asg4/cucumber/u4-build-team.feature:30?[0m
  ?[32mGiven ?[0m?[32mI create a player named ?[0m?[32m?[1m"Joey"?[0m                                                                                       ?[90m# uc.seng301.petbattler.asg4.cucumber.step_definitions.CreateNewPackFeature.i_create_a_player_named(java.lang.String)?[0m
  ?[32mAnd ?[0m?[32mPlayer ?[0m?[32m?[1m"Joey"?[0m?[32m has a pack ?[0m?[32m?[1m"My 5 Pet Pack"?[0m?[32m with ?[0m?[32m?[1m5?[0m?[32m unique pets?[0m                                                            ?[90m# uc.seng301.petbattler.asg4.cucumber.step_definitions.BuildTeamFeature.player_has_a_pack_with_unique_pets(java.lang.String,java.lang.String,java.lang.Integer)?[0m
  ?[32mWhen ?[0m?[32mI, ?[0m?[32m?[1m"Joey"?[0m?[32m, try to build a team with ?[0m?[32m?[1m"My 5 Pet Pack"?[0m?[32m named ?[0m?[32m?[1m"My Fifth Team"?[0m                                             ?[90m# uc.seng301.petbattler.asg4.cucumber.step_definitions.BuildTeamFeature.i_try_to_build_a_team_with_named(java.lang.String,java.lang.String,java.lang.String)?[0m
Select 3 pets in desired order (front to back) by index (space separated), finish or cancel with '!q'
[0] Badger17
[1] Cat18
[2] Badger17
[3] Ant16
[4] Cat18
mocked input provided: 4 0 3
Created team My Fifth Team:
Cat18, ref: 971046435
Badger17, ref: 1157129747
Ant16, ref: 1577442626
  ?[32mAnd ?[0m?[32mI choose pets ?[0m?[32m?[1m4?[0m?[32m, ?[0m?[32m?[1m0?[0m?[32m, ?[0m?[32m?[1m3?[0m                                                                                                  ?[90m# uc.seng301.petbattler.asg4.cucumber.step_definitions.BuildTeamFeature.i_choose_pets(java.lang.Integer,java.lang.Integer,java.lang.Integer)?[0m
debug: Cat18
debug: Badger17
debug: Ant16
  ?[32mThen ?[0m?[32mThe team created has pets ordered the correct way ?[0m?[32m?[1m4?[0m?[32m, ?[0m?[32m?[1m0?[0m?[32m, ?[0m?[32m?[1m3?[0m                                                             ?[90m# uc.seng301.petbattler.asg4.cucumber.step_definitions.BuildTeamFeature.the_team_created_has_pets_ordered_the_correct_way(java.lang.Integer,java.lang.Integer,java.lang.Integer)?[0m

Scenario: AC6 - When building a team and I select 3 options of all the same pet type they are discrete copies from those in my pack ?[90m# uc/seng301/petbattler/asg4/cucumber/u4-build-team.feature:37?[0m
  ?[32mGiven ?[0m?[32mI create a player named ?[0m?[32m?[1m"Chandler Bing"?[0m                                                                                     ?[90m# uc.seng301.petbattler.asg4.cucumber.step_definitions.CreateNewPackFeature.i_create_a_player_named(java.lang.String)?[0m
  ?[32mAnd ?[0m?[32mPlayer ?[0m?[32m?[1m"Chandler Bing"?[0m?[32m has a pack ?[0m?[32m?[1m"My 5 Pet Pack"?[0m?[32m with ?[0m?[32m?[1m1?[0m?[32m unique pets?[0m                                                          ?[90m# uc.seng301.petbattler.asg4.cucumber.step_definitions.BuildTeamFeature.player_has_a_pack_with_unique_pets(java.lang.String,java.lang.String,java.lang.Integer)?[0m
  ?[32mWhen ?[0m?[32mI, ?[0m?[32m?[1m"Chandler Bing"?[0m?[32m, try to build a team with ?[0m?[32m?[1m"My 5 Pet Pack"?[0m?[32m named ?[0m?[32m?[1m"My Sixth Team"?[0m                                           ?[90m# uc.seng301.petbattler.asg4.cucumber.step_definitions.BuildTeamFeature.i_try_to_build_a_team_with_named(java.lang.String,java.lang.String,java.lang.String)?[0m
Select 3 pets in desired order (front to back) by index (space separated), finish or cancel with '!q'
[0] Corgi20
[1] Corgi20
[2] Corgi20
[3] Corgi20
[4] Corgi20
mocked input provided: 0 1 2
Created team My Sixth Team:
Corgi20, ref: 1863321646
Corgi20, ref: 1627894731
Corgi20, ref: 561582717
  ?[32mAnd ?[0m?[32mI choose pets ?[0m?[32m?[1m0?[0m?[32m, ?[0m?[32m?[1m1?[0m?[32m, ?[0m?[32m?[1m2?[0m                                                                                                         ?[90m# uc.seng301.petbattler.asg4.cucumber.step_definitions.BuildTeamFeature.i_choose_pets(java.lang.Integer,java.lang.Integer,java.lang.Integer)?[0m
  ?[32mThen ?[0m?[32mEach pet in my team is a discrete clone?[0m                                                                                      ?[90m# uc.seng301.petbattler.asg4.cucumber.step_definitions.BuildTeamFeature.each_pet_in_my_team_is_a_discrete_clone()?[0m
]]></system-out>
  <system-err><![CDATA[WARNING: A Java agent has been loaded dynamically (/Users/fgi18/.gradle/caches/modules-2/files-2.1/net.bytebuddy/byte-buddy-agent/1.14.12/be4984cb6fd1ef1d11f218a648889dfda44b8a15/byte-buddy-agent-1.14.12.jar)
WARNING: If a serviceability tool is in use, please run with -XX:+EnableDynamicAgentLoading to hide this warning
WARNING: If a serviceability tool is not in use, please run with -Djdk.instrument.traceUsage for more information
WARNING: Dynamic loading of agents will be disallowed by default in a future release
]]></system-err>
</testsuite>
